cl : 命令行 warning D9035: “Gm”选项已否决，并将在将来的版本中移除
  WinVideoRegionUpdaterImpl.cpp
C:\Users\guoca\Desktop\RemoteDesktop\tightvnc-2.8.27-gpl\desktop\WinVideoRegionUpdaterImpl.cpp(91,25): warning C4244: “初始化”: 从“UINT64”转换到“unsigned int”，可能丢失数据
C:\Users\guoca\Desktop\RemoteDesktop\tightvnc-2.8.27-gpl\desktop\WinVideoRegionUpdaterImpl.cpp(111,21): warning C4018: “<”: 有符号/无符号不匹配
  WinServiceDesktopFactory.cpp
  WinD3D11Texture2D.cpp
  WinDxgiSurface.cpp
  WinDxgiDevice.cpp
  WinDxgiAdapter.cpp
  WinD3D11Device.cpp
  WindowsUserInput.cpp
  WindowsScreenGrabber.cpp
  WindowsCursorShapeGrabber.cpp
  WindowsInputBlocker.cpp
  WindowsClipboard.cpp
  WinCustomD3D11Texture2D.cpp
  WinAutoMapDxgiSurface.cpp
  Win8ScreenDriverImpl.cpp
  Win8ScreenDriver.cpp
  Win32ScreenDriverFactory.cpp
C:\Users\guoca\Desktop\RemoteDesktop\tightvnc-2.8.27-gpl\desktop\Win32ScreenDriverBaseImpl.h(1,1): warning C4819: 该文件包含不能在当前代码页(936)中表示的字符。请将该文件保存为 Unicode 格式以防止数据丢失
  Win32ScreenDriverBaseImpl.cpp
C:\Users\guoca\Desktop\RemoteDesktop\tightvnc-2.8.27-gpl\desktop\Win32ScreenDriverBaseImpl.h(1,1): warning C4819: 该文件包含不能在当前代码页(936)中表示的字符。请将该文件保存为 Unicode 格式以防止数据丢失
  Win32ScreenDriver.cpp
C:\Users\guoca\Desktop\RemoteDesktop\tightvnc-2.8.27-gpl\desktop\Win32ScreenDriverBaseImpl.h(1,1): warning C4819: 该文件包含不能在当前代码页(936)中表示的字符。请将该文件保存为 Unicode 格式以防止数据丢失
  Win32MirrorScreenDriver.cpp
C:\Users\guoca\Desktop\RemoteDesktop\tightvnc-2.8.27-gpl\desktop\Win32ScreenDriverBaseImpl.h(1,1): warning C4819: 该文件包含不能在当前代码页(936)中表示的字符。请将该文件保存为 Unicode 格式以防止数据丢失
  正在生成代码...
  正在编译...
  WallpaperUtil.cpp
  UserInput.cpp
  UpdateSendingListener.cpp
  UpdateListener.cpp
  UpdateKeeper.cpp
  UpdateHandlerImpl.cpp
  UpdateHandler.cpp
  UpdateFilter.cpp
C:\Users\guoca\Desktop\RemoteDesktop\tightvnc-2.8.27-gpl\desktop\UpdateFilter.cpp(92,13): warning C4244: “初始化”: 从“UINT64”转换到“double”，可能丢失数据
C:\Users\guoca\Desktop\RemoteDesktop\tightvnc-2.8.27-gpl\desktop\UpdateFilter.cpp(117,24): warning C4244: “=”: 从“UINT64”转换到“double”，可能丢失数据
  UpdateDetector.cpp
  UpdateContainer.cpp
  ScreenGrabber.cpp
  SasUserInput.cpp
  Poller.cpp
  CursorShapeDetector.cpp
  CursorShapeGrabber.cpp
  CursorPositionDetector.cpp
  MirrorScreenDriver.cpp
C:\Users\guoca\Desktop\RemoteDesktop\tightvnc-2.8.27-gpl\desktop\MirrorScreenDriver.cpp(107,38): warning C4018: “<”: 有符号/无符号不匹配
  MirrorDriverClient.cpp
  InputBlocker.cpp
  HookUpdateTimer.cpp
  正在生成代码...
  正在编译...
  HooksUpdateDetector.cpp
  HookInstaller.cpp
  GrabOptimizator.cpp
  WinDxRecoverableException.cpp
  WinDxgiOutputDuplication.cpp
  WinDxgiOutput1.cpp
  WinDxgiOutput.cpp
  WinDxgiAcquiredFrame.cpp
  WinDxException.cpp
  WinDxCriticalException.cpp
  WinCursorShapeUtils.cpp
  Win8DeskDuplicationThread.cpp
  Win8CursorShape.cpp
  DummyScreenDriver.cpp
  DesktopWinImpl.cpp
  DesktopServerWatcher.cpp
  DesktopConfigLocal.cpp
  DesktopClientImpl.cpp
  DesktopBaseImpl.cpp
  CopyRectDetector.cpp
  正在生成代码...
  正在编译...
  ConsolePoller.cpp
  ClipboardListener.cpp
  ApplicationDesktopFactory.cpp
  正在生成代码...
d3d11.lib(d3d11.dll) : warning LNK4006: __NULL_IMPORT_DESCRIPTOR 已在 dxgi.lib(dxgi.dll) 中定义；已忽略第二个定义
  desktop.vcxproj -> C:\Users\guoca\Desktop\RemoteDesktop\tightvnc-2.8.27-gpl\Debug\desktop.lib
