c:\users\guoca\desktop\remotedesktop\tightvnc-2.8.27-gpl\win-event-log\.rc
c:\users\guoca\desktop\remotedesktop\tightvnc-2.8.27-gpl\debug\win-event-log\win-event-log.pdb
c:\users\guoca\desktop\remotedesktop\tightvnc-2.8.27-gpl\debug\win-event-log\win-event-log.idb
c:\users\guoca\desktop\remotedesktop\tightvnc-2.8.27-gpl\debug\win-event-log\wineventlog.obj
c:\users\guoca\desktop\remotedesktop\tightvnc-2.8.27-gpl\debug\win-event-log.lib
c:\users\guoca\desktop\remotedesktop\tightvnc-2.8.27-gpl\debug\win-event-log\messageprovider.res
c:\users\guoca\desktop\remotedesktop\vnc\debug\win-event-log\wineventlog.obj
c:\users\guoca\desktop\remotedesktop\vnc\debug\win-event-log\win-event-log.write.1.tlog
c:\users\guoca\desktop\remotedesktop\vnc\debug\win-event-log\messageprovider.res
c:\users\guoca\desktop\remotedesktop\vnc\debug\win-event-log\win-event-log.idb
c:\users\guoca\desktop\remotedesktop\vnc\debug\win-event-log\win-event-log.pdb
c:\users\guoca\desktop\remotedesktop\vnc\debug\win-event-log.pdb
c:\users\guoca\desktop\remotedesktop\vnc\debug\win-event-log.lib
c:\users\guoca\desktop\remotedesktop\vnc\debug\win-event-log\win-event-log.tlog\cl.command.1.tlog
c:\users\guoca\desktop\remotedesktop\vnc\debug\win-event-log\win-event-log.tlog\cl.read.1.tlog
c:\users\guoca\desktop\remotedesktop\vnc\debug\win-event-log\win-event-log.tlog\cl.write.1.tlog
c:\users\guoca\desktop\remotedesktop\vnc\debug\win-event-log\win-event-log.tlog\lib-link-cvtres.read.1.tlog
c:\users\guoca\desktop\remotedesktop\vnc\debug\win-event-log\win-event-log.tlog\lib-link-cvtres.write.1.tlog
c:\users\guoca\desktop\remotedesktop\vnc\debug\win-event-log\win-event-log.tlog\lib.command.1.tlog
c:\users\guoca\desktop\remotedesktop\vnc\debug\win-event-log\win-event-log.tlog\rc.command.1.tlog
c:\users\guoca\desktop\remotedesktop\vnc\debug\win-event-log\win-event-log.tlog\rc.read.1.tlog
c:\users\guoca\desktop\remotedesktop\vnc\debug\win-event-log\win-event-log.tlog\rc.write.1.tlog
