cl : 命令行 warning D9035: “Gm”选项已否决，并将在将来的版本中移除
  ZlibException.cpp
  ZLibBase.cpp
  VncPassCrypt.cpp
  Utf8StringStorage.cpp
  UnicodeStringStorage.cpp
  Unicode.cpp
  StringTable.cpp
  StringStorage.cpp
  StringParser.cpp
C:\Users\guoca\Desktop\RemoteDesktop\tightvnc-2.8.27-gpl\util\StringParser.cpp(33,6): warning C4996: 'swscanf': This function or variable may be unsafe. Consider using swscanf_s instead. To disable deprecation, use _CRT_SECURE_NO_WARNINGS. See online help for details.
C:\Users\guoca\Desktop\RemoteDesktop\tightvnc-2.8.27-gpl\util\StringParser.cpp(73,6): warning C4996: 'swscanf': This function or variable may be unsafe. Consider using swscanf_s instead. To disable deprecation, use _CRT_SECURE_NO_WARNINGS. See online help for details.
C:\Users\guoca\Desktop\RemoteDesktop\tightvnc-2.8.27-gpl\util\StringParser.cpp(92,7): warning C4996: 'swscanf': This function or variable may be unsafe. Consider using swscanf_s instead. To disable deprecation, use _CRT_SECURE_NO_WARNINGS. See online help for details.
C:\Users\guoca\Desktop\RemoteDesktop\tightvnc-2.8.27-gpl\util\StringParser.cpp(105,7): warning C4996: 'swscanf': This function or variable may be unsafe. Consider using swscanf_s instead. To disable deprecation, use _CRT_SECURE_NO_WARNINGS. See online help for details.
C:\Users\guoca\Desktop\RemoteDesktop\tightvnc-2.8.27-gpl\util\StringParser.cpp(118,7): warning C4996: 'swscanf': This function or variable may be unsafe. Consider using swscanf_s instead. To disable deprecation, use _CRT_SECURE_NO_WARNINGS. See online help for details.
  ResourceLoader.cpp
  md5.cpp
  MacroCommand.cpp
  Keymap.cpp
  KeyContainer.cpp
  Inflater.cpp
  GetCPUtime.cpp
  Exception.cpp
  DesCrypt.cpp
  DemandTimer.cpp
  Deflater.cpp
  正在生成代码...
  正在编译...
  DateTime.cpp
  CommandLineFormatHelp.cpp
  CommandLineFormatException.cpp
  CommandLineArgs.cpp
  CommandLine.cpp
C:\Users\guoca\Desktop\RemoteDesktop\tightvnc-2.8.27-gpl\util\CommandLine.h(35,2): warning C4091: “typedef ”: 没有声明变量时忽略“UseArgument”的左侧
  Command.cpp
  BrokenHandleException.cpp
  AnsiStringStorage.cpp
  正在生成代码...
  util.vcxproj -> C:\Users\guoca\Desktop\RemoteDesktop\tightvnc-2.8.27-gpl\Debug\util.lib
