c:\users\guoca\desktop\remotedesktop\tightvnc-2.8.27-gpl\debug\win-system\win-system.pdb
c:\users\guoca\desktop\remotedesktop\tightvnc-2.8.27-gpl\debug\win-system\win-system.idb
c:\users\guoca\desktop\remotedesktop\tightvnc-2.8.27-gpl\debug\win-system\shell.obj
c:\users\guoca\desktop\remotedesktop\tightvnc-2.8.27-gpl\debug\win-system\systemexception.obj
c:\users\guoca\desktop\remotedesktop\tightvnc-2.8.27-gpl\debug\win-system\systeminformation.obj
c:\users\guoca\desktop\remotedesktop\tightvnc-2.8.27-gpl\debug\win-system\uipicontrol.obj
c:\users\guoca\desktop\remotedesktop\tightvnc-2.8.27-gpl\debug\win-system\versioninfo.obj
c:\users\guoca\desktop\remotedesktop\tightvnc-2.8.27-gpl\debug\win-system\winclipboard.obj
c:\users\guoca\desktop\remotedesktop\tightvnc-2.8.27-gpl\debug\win-system\wincommandlineargs.obj
c:\users\guoca\desktop\remotedesktop\tightvnc-2.8.27-gpl\debug\win-system\wincursor.obj
c:\users\guoca\desktop\remotedesktop\tightvnc-2.8.27-gpl\debug\win-system\windowsapplication.obj
c:\users\guoca\desktop\remotedesktop\tightvnc-2.8.27-gpl\debug\win-system\windowsdisplays.obj
c:\users\guoca\desktop\remotedesktop\tightvnc-2.8.27-gpl\debug\win-system\windowsevent.obj
c:\users\guoca\desktop\remotedesktop\tightvnc-2.8.27-gpl\debug\win-system\windowseventex.obj
c:\users\guoca\desktop\remotedesktop\tightvnc-2.8.27-gpl\debug\win-system\winhandles.obj
c:\users\guoca\desktop\remotedesktop\tightvnc-2.8.27-gpl\debug\win-system\winhooks.obj
c:\users\guoca\desktop\remotedesktop\tightvnc-2.8.27-gpl\debug\win-system\winprocesscommandline.obj
c:\users\guoca\desktop\remotedesktop\tightvnc-2.8.27-gpl\debug\win-system\winstalibrary.obj
c:\users\guoca\desktop\remotedesktop\tightvnc-2.8.27-gpl\debug\win-system\wintimemillis.obj
c:\users\guoca\desktop\remotedesktop\tightvnc-2.8.27-gpl\debug\win-system\workstation.obj
c:\users\guoca\desktop\remotedesktop\tightvnc-2.8.27-gpl\debug\win-system\wsastartup.obj
c:\users\guoca\desktop\remotedesktop\tightvnc-2.8.27-gpl\debug\win-system\wts.obj
c:\users\guoca\desktop\remotedesktop\tightvnc-2.8.27-gpl\debug\win-system\inputinjector.obj
c:\users\guoca\desktop\remotedesktop\tightvnc-2.8.27-gpl\debug\win-system\keyboard.obj
c:\users\guoca\desktop\remotedesktop\tightvnc-2.8.27-gpl\debug\win-system\localwindowsapplication.obj
c:\users\guoca\desktop\remotedesktop\tightvnc-2.8.27-gpl\debug\win-system\namedpipe.obj
c:\users\guoca\desktop\remotedesktop\tightvnc-2.8.27-gpl\debug\win-system\parentprocess.obj
c:\users\guoca\desktop\remotedesktop\tightvnc-2.8.27-gpl\debug\win-system\pipe.obj
c:\users\guoca\desktop\remotedesktop\tightvnc-2.8.27-gpl\debug\win-system\pipeclient.obj
c:\users\guoca\desktop\remotedesktop\tightvnc-2.8.27-gpl\debug\win-system\pipeimpersonatedthread.obj
c:\users\guoca\desktop\remotedesktop\tightvnc-2.8.27-gpl\debug\win-system\pipeserver.obj
c:\users\guoca\desktop\remotedesktop\tightvnc-2.8.27-gpl\debug\win-system\process.obj
c:\users\guoca\desktop\remotedesktop\tightvnc-2.8.27-gpl\debug\win-system\processhandle.obj
c:\users\guoca\desktop\remotedesktop\tightvnc-2.8.27-gpl\debug\win-system\registry.obj
c:\users\guoca\desktop\remotedesktop\tightvnc-2.8.27-gpl\debug\win-system\registrykey.obj
c:\users\guoca\desktop\remotedesktop\tightvnc-2.8.27-gpl\debug\win-system\scmclient.obj
c:\users\guoca\desktop\remotedesktop\tightvnc-2.8.27-gpl\debug\win-system\screen.obj
c:\users\guoca\desktop\remotedesktop\tightvnc-2.8.27-gpl\debug\win-system\securityattributes.obj
c:\users\guoca\desktop\remotedesktop\tightvnc-2.8.27-gpl\debug\win-system\securitydescriptor.obj
c:\users\guoca\desktop\remotedesktop\tightvnc-2.8.27-gpl\debug\win-system\securityidentifier.obj
c:\users\guoca\desktop\remotedesktop\tightvnc-2.8.27-gpl\debug\win-system\service.obj
c:\users\guoca\desktop\remotedesktop\tightvnc-2.8.27-gpl\debug\win-system\sharedmemory.obj
c:\users\guoca\desktop\remotedesktop\tightvnc-2.8.27-gpl\debug\win-system\anonymouspipe.obj
c:\users\guoca\desktop\remotedesktop\tightvnc-2.8.27-gpl\debug\win-system\anonymouspipefactory.obj
c:\users\guoca\desktop\remotedesktop\tightvnc-2.8.27-gpl\debug\win-system\autoimpersonator.obj
c:\users\guoca\desktop\remotedesktop\tightvnc-2.8.27-gpl\debug\win-system\ctrlaltdelsimulator.obj
c:\users\guoca\desktop\remotedesktop\tightvnc-2.8.27-gpl\debug\win-system\currentconsoleprocess.obj
c:\users\guoca\desktop\remotedesktop\tightvnc-2.8.27-gpl\debug\win-system\dibsection.obj
c:\users\guoca\desktop\remotedesktop\tightvnc-2.8.27-gpl\debug\win-system\dynamiclibrary.obj
c:\users\guoca\desktop\remotedesktop\tightvnc-2.8.27-gpl\debug\win-system\emulatedanonymouspipefactory.obj
c:\users\guoca\desktop\remotedesktop\tightvnc-2.8.27-gpl\debug\win-system\environment.obj
c:\users\guoca\desktop\remotedesktop\tightvnc-2.8.27-gpl\debug\win-system\impersonator.obj
c:\users\guoca\desktop\remotedesktop\tightvnc-2.8.27-gpl\debug\win-system.lib
c:\users\guoca\desktop\remotedesktop\tightvnc-2.8.27-gpl\debug\win-system\win-system.tlog\cl.command.1.tlog
c:\users\guoca\desktop\remotedesktop\tightvnc-2.8.27-gpl\debug\win-system\win-system.tlog\cl.read.1.tlog
c:\users\guoca\desktop\remotedesktop\tightvnc-2.8.27-gpl\debug\win-system\win-system.tlog\cl.write.1.tlog
c:\users\guoca\desktop\remotedesktop\tightvnc-2.8.27-gpl\debug\win-system\win-system.tlog\lib-link.read.1.tlog
c:\users\guoca\desktop\remotedesktop\tightvnc-2.8.27-gpl\debug\win-system\win-system.tlog\lib-link.write.1.tlog
c:\users\guoca\desktop\remotedesktop\tightvnc-2.8.27-gpl\debug\win-system\win-system.tlog\lib.command.1.tlog
