c:\users\guoca\desktop\remotedesktop\tightvnc-2.8.27-gpl\debug\zlib\zlib.pdb
c:\users\guoca\desktop\remotedesktop\tightvnc-2.8.27-gpl\debug\zlib\zlib.idb
c:\users\guoca\desktop\remotedesktop\tightvnc-2.8.27-gpl\debug\zlib\adler32.obj
c:\users\guoca\desktop\remotedesktop\tightvnc-2.8.27-gpl\debug\zlib\compress.obj
c:\users\guoca\desktop\remotedesktop\tightvnc-2.8.27-gpl\debug\zlib\crc32.obj
c:\users\guoca\desktop\remotedesktop\tightvnc-2.8.27-gpl\debug\zlib\deflate.obj
c:\users\guoca\desktop\remotedesktop\tightvnc-2.8.27-gpl\debug\zlib\gzlib.obj
c:\users\guoca\desktop\remotedesktop\tightvnc-2.8.27-gpl\debug\zlib\infback.obj
c:\users\guoca\desktop\remotedesktop\tightvnc-2.8.27-gpl\debug\zlib\inffast.obj
c:\users\guoca\desktop\remotedesktop\tightvnc-2.8.27-gpl\debug\zlib\inflate.obj
c:\users\guoca\desktop\remotedesktop\tightvnc-2.8.27-gpl\debug\zlib\inftrees.obj
c:\users\guoca\desktop\remotedesktop\tightvnc-2.8.27-gpl\debug\zlib\trees.obj
c:\users\guoca\desktop\remotedesktop\tightvnc-2.8.27-gpl\debug\zlib\uncompr.obj
c:\users\guoca\desktop\remotedesktop\tightvnc-2.8.27-gpl\debug\zlib\zutil.obj
c:\users\guoca\desktop\remotedesktop\tightvnc-2.8.27-gpl\debug\zlib.lib
c:\users\guoca\desktop\remotedesktop\tightvnc-2.8.27-gpl\debug\zlib\zlib.tlog\cl.command.1.tlog
c:\users\guoca\desktop\remotedesktop\tightvnc-2.8.27-gpl\debug\zlib\zlib.tlog\cl.read.1.tlog
c:\users\guoca\desktop\remotedesktop\tightvnc-2.8.27-gpl\debug\zlib\zlib.tlog\cl.write.1.tlog
c:\users\guoca\desktop\remotedesktop\tightvnc-2.8.27-gpl\debug\zlib\zlib.tlog\lib-link.read.1.tlog
c:\users\guoca\desktop\remotedesktop\tightvnc-2.8.27-gpl\debug\zlib\zlib.tlog\lib-link.write.1.tlog
c:\users\guoca\desktop\remotedesktop\tightvnc-2.8.27-gpl\debug\zlib\zlib.tlog\lib.command.1.tlog
