cl : 命令行 warning D9035: “Gm”选项已否决，并将在将来的版本中移除
  zutil.c
  uncompr.c
  trees.c
  inftrees.c
  inflate.c
  inffast.c
  infback.c
  gzlib.c
C:\Users\guoca\Desktop\RemoteDesktop\tightvnc-2.8.27-gpl\zlib\gzlib.c(191,15): warning C4996: 'wcstombs': This function or variable may be unsafe. Consider using wcstombs_s instead. To disable deprecation, use _CRT_SECURE_NO_WARNINGS. See online help for details.
C:\Users\guoca\Desktop\RemoteDesktop\tightvnc-2.8.27-gpl\zlib\gzlib.c(206,13): warning C4996: 'wcstombs': This function or variable may be unsafe. Consider using wcstombs_s instead. To disable deprecation, use _CRT_SECURE_NO_WARNINGS. See online help for details.
C:\Users\guoca\Desktop\RemoteDesktop\tightvnc-2.8.27-gpl\zlib\gzlib.c(211,9): warning C4996: 'strcpy': This function or variable may be unsafe. Consider using strcpy_s instead. To disable deprecation, use _CRT_SECURE_NO_WARNINGS. See online help for details.
C:\Users\guoca\Desktop\RemoteDesktop\tightvnc-2.8.27-gpl\zlib\gzlib.c(237,20): warning C4996: '_wopen': This function or variable may be unsafe. Consider using _wsopen_s instead. To disable deprecation, use _CRT_SECURE_NO_WARNINGS. See online help for details.
C:\Users\guoca\Desktop\RemoteDesktop\tightvnc-2.8.27-gpl\zlib\gzlib.c(239,9): warning C4996: 'open': The POSIX name for this item is deprecated. Instead, use the ISO C and C++ conformant name: _open. See online help for details.
C:\Users\guoca\Desktop\RemoteDesktop\tightvnc-2.8.27-gpl\zlib\gzlib.c(287,5): warning C4996: 'sprintf': This function or variable may be unsafe. Consider using sprintf_s instead. To disable deprecation, use _CRT_SECURE_NO_WARNINGS. See online help for details.
C:\Users\guoca\Desktop\RemoteDesktop\tightvnc-2.8.27-gpl\zlib\gzlib.c(597,5): warning C4996: 'strcpy': This function or variable may be unsafe. Consider using strcpy_s instead. To disable deprecation, use _CRT_SECURE_NO_WARNINGS. See online help for details.
C:\Users\guoca\Desktop\RemoteDesktop\tightvnc-2.8.27-gpl\zlib\gzlib.c(598,5): warning C4996: 'strcat': This function or variable may be unsafe. Consider using strcat_s instead. To disable deprecation, use _CRT_SECURE_NO_WARNINGS. See online help for details.
C:\Users\guoca\Desktop\RemoteDesktop\tightvnc-2.8.27-gpl\zlib\gzlib.c(599,5): warning C4996: 'strcat': This function or variable may be unsafe. Consider using strcat_s instead. To disable deprecation, use _CRT_SECURE_NO_WARNINGS. See online help for details.
  deflate.c
  crc32.c
  compress.c
  adler32.c
  正在生成代码...
  zlib.vcxproj -> C:\Users\guoca\Desktop\RemoteDesktop\tightvnc-2.8.27-gpl\Debug\zlib.lib
